[15:21:21] [main/INFO]: Environment: authHost='https://authserver.mojang.com', accountsHost='https://api.mojang.com', sessionHost='https://sessionserver.mojang.com', name='PROD'
[15:21:22] [main/WARN]: Ambiguity between arguments [teleport, destination] and [teleport, targets] with inputs: [Player, 0123, @e, dd12be42-52a9-4a91-a8a1-11c01849e498]
[15:21:22] [main/WARN]: Ambiguity between arguments [teleport, location] and [teleport, destination] with inputs: [0.1 -0.5 .9, 0 0 0]
[15:21:22] [main/WARN]: Ambiguity between arguments [teleport, location] and [teleport, targets] with inputs: [0.1 -0.5 .9, 0 0 0]
[15:21:22] [main/WARN]: Ambiguity between arguments [teleport, targets] and [teleport, destination] with inputs: [Player, 0123, dd12be42-52a9-4a91-a8a1-11c01849e498]
[15:21:22] [main/WARN]: Ambiguity between arguments [teleport, targets, location] and [teleport, targets, destination] with inputs: [0.1 -0.5 .9, 0 0 0]
[15:21:22] [main/INFO]: Reloading ResourceManager: Default
[15:21:22] [Worker-Main-14/INFO]: Loaded 7 recipes
[15:21:23] [Worker-Main-14/INFO]: Loaded 927 advancements
[15:21:23] [Server thread/INFO]: Starting minecraft server version 1.16.1
[15:21:23] [Server thread/INFO]: Loading properties
[15:21:23] [Server thread/INFO]: Default game type: SURVIVAL
[15:21:23] [Server thread/INFO]: Generating keypair
[15:21:23] [Server thread/INFO]: Starting Minecraft server on *:25565
[15:21:23] [Server thread/INFO]: Using epoll channel type
[15:21:23] [Server thread/INFO]: Preparing level "world"
[15:21:23] [Server thread/INFO]: Preparing start region for dimension minecraft:overworld
[15:21:24] [Server thread/INFO]: Preparing spawn area: 0%
[15:21:24] [Server thread/INFO]: Preparing spawn area: 0%
[15:21:24] [Server thread/INFO]: Preparing spawn area: 18%
[15:21:26] [Worker-Main-9/INFO]: Preparing spawn area: 83%
[15:21:26] [Worker-Main-11/INFO]: Preparing spawn area: 83%
[15:21:26] [Worker-Main-11/INFO]: Preparing spawn area: 83%
[15:21:26] [Worker-Main-11/INFO]: Preparing spawn area: 83%
[15:21:27] [Worker-Main-10/INFO]: Preparing spawn area: 83%
[15:21:27] [Server thread/INFO]: Preparing spawn area: 85%
[15:21:28] [Worker-Main-11/INFO]: Preparing spawn area: 92%
[15:21:28] [Server thread/INFO]: Time elapsed: 4882 ms
[15:21:28] [Server thread/INFO]: Done (4.922s)! For help, type "help"
